<?xml version="1.0" encoding="UTF-8" ?>
<testsuite failures="0" time="0.031" errors="0" skipped="0" tests="2" name="org.jdbcdslog.ConnectionPoolXADataSourceProxyTest">
  <properties>
    <property name="java.runtime.name" value="Java(TM) SE Runtime Environment"/>
    <property name="sun.boot.library.path" value="C:\bin\jdk1.6.0_14\jre\bin"/>
    <property name="java.vm.version" value="14.0-b16"/>
    <property name="java.vm.vendor" value="Sun Microsystems Inc."/>
    <property name="java.vendor.url" value="http://java.sun.com/"/>
    <property name="path.separator" value=";"/>
    <property name="java.vm.name" value="Java HotSpot(TM) Client VM"/>
    <property name="file.encoding.pkg" value="sun.io"/>
    <property name="user.country" value="US"/>
    <property name="sun.java.launcher" value="SUN_STANDARD"/>
    <property name="sun.os.patch.level" value="Service Pack 2"/>
    <property name="java.vm.specification.name" value="Java Virtual Machine Specification"/>
    <property name="user.dir" value="C:\bin\eclipse-java\projects\workspace\jdbcdslog"/>
    <property name="java.runtime.version" value="1.6.0_14-b08"/>
    <property name="java.awt.graphicsenv" value="sun.awt.Win32GraphicsEnvironment"/>
    <property name="basedir" value="C:\bin\eclipse-java\projects\workspace\jdbcdslog"/>
    <property name="java.endorsed.dirs" value="C:\bin\jdk1.6.0_14\jre\lib\endorsed"/>
    <property name="os.arch" value="x86"/>
    <property name="surefire.real.class.path" value="C:\DOCUME~1\a\LOCALS~1\Temp\surefirebooter481675682126537097.jar"/>
    <property name="java.io.tmpdir" value="C:\DOCUME~1\a\LOCALS~1\Temp\"/>
    <property name="line.separator" value="
"/>
    <property name="java.vm.specification.vendor" value="Sun Microsystems Inc."/>
    <property name="user.variant" value=""/>
    <property name="os.name" value="Windows XP"/>
    <property name="sun.jnu.encoding" value="Cp1252"/>
    <property name="java.library.path" value="C:\bin\jdk1.6.0_14\jre\bin;.;C:\WINDOWS\Sun\Java\bin;C:\WINDOWS\system32;C:\WINDOWS;C:\Program Files\Far;C:\Program Files\CollabNet Subversion Client;c:\program files\imagemagick-6.5.2-q16;C:\WINDOWS\system32;C:\WINDOWS;C:\WINDOWS\system32\WBEM;C:\oracle\product\10.2\bin;C:\IBM\MQ\Java\lib;C:\IBM\MQ\bin;C:\IBM\MQ\tools\c\samples\bin;C:\Program Files\jEdit;C:\downloads\7z442_extra\;C:\Program Files\IBM\WebSphere MQ\bin;C:\Program Files\IBM\WebSphere MQ\Java\bin;C:\Program Files\IBM\WebSphere MQ\WEMPS\bin;C:\IBM\WSADIE511\runtimes\ee_v51\bin;C:\IBM\WSADIE511\runtimes\ee_v5\bin;C:\IBM\WSADIE511\runtimes\base_v51\bin;C:\IBM\WSADIE511\runtimes\base_v5\bin;C:\IBM\WebSphere MQ\bin;C:\IBM\WebSphere MQ\Java\bin;C:\IBM\WebSphere MQ\WEMPS\bin;C:\IBM\WSADIE511\runtimes\ee_v51\bin;C:\IBM\WSADIE511\runtimes\ee_v5\bin;C:\IBM\WSADIE511\runtimes\base_v51\bin;C:\IBM\WSADIE511\runtimes\base_v5\bin;C:\bin\apache-ant-1.7.0\bin\;C:\cygwin\bin\;C:\Program Files\Subversion\bin;&quot;C:\Program Files\Java\jdk1.6.0_03\bin\&quot;;C:\Program Files\Microsoft SQL Server\80\Tools\BINN;C:\bin\jdk1.6.0_14\bin\;C:\Program Files\Microsoft Visual Studio\Common\Tools\WinNT;C:\Program Files\Microsoft Visual Studio\Common\MSDev98\Bin;C:\Program Files\Microsoft Visual Studio\Common\Tools;C:\Program Files\Microsoft Visual Studio\VC98\bin;&quot;C:\Program Files\CollabNet Subversion Client\&quot;;C:\bin\apache-maven-2.2.1\bin\;C:\bin\spring-roo-1.0.0.RELEASE\bin\;C:\cygwin\"/>
    <property name="surefire.test.class.path" value="C:\bin\eclipse-java\projects\workspace\jdbcdslog\target\test-classes;C:\bin\eclipse-java\projects\workspace\jdbcdslog\target\classes;C:\Documents and Settings\a\.m2\repository\slf4j\slf4j-api\1.5.10\slf4j-api-1.5.10.jar;C:\Documents and Settings\a\.m2\repository\slf4j\slf4j-log4j12\1.5.10\slf4j-log4j12-1.5.10.jar;C:\Documents and Settings\a\.m2\repository\log4j\log4j\1.2.15\log4j-1.2.15.jar;C:\Documents and Settings\a\.m2\repository\junit\junit\3.8.1\junit-3.8.1.jar;C:\Documents and Settings\a\.m2\repository\hsqldb\hsqldb\1.8.0.10\hsqldb-1.8.0.10.jar;"/>
    <property name="java.specification.name" value="Java Platform API Specification"/>
    <property name="java.class.version" value="50.0"/>
    <property name="sun.management.compiler" value="HotSpot Client Compiler"/>
    <property name="os.version" value="5.1"/>
    <property name="user.home" value="C:\Documents and Settings\a"/>
    <property name="user.timezone" value="America/Chicago"/>
    <property name="java.awt.printerjob" value="sun.awt.windows.WPrinterJob"/>
    <property name="java.specification.version" value="1.6"/>
    <property name="file.encoding" value="Cp1252"/>
    <property name="user.name" value="a"/>
    <property name="java.class.path" value="C:\bin\eclipse-java\projects\workspace\jdbcdslog\target\test-classes;C:\bin\eclipse-java\projects\workspace\jdbcdslog\target\classes;C:\Documents and Settings\a\.m2\repository\slf4j\slf4j-api\1.5.10\slf4j-api-1.5.10.jar;C:\Documents and Settings\a\.m2\repository\slf4j\slf4j-log4j12\1.5.10\slf4j-log4j12-1.5.10.jar;C:\Documents and Settings\a\.m2\repository\log4j\log4j\1.2.15\log4j-1.2.15.jar;C:\Documents and Settings\a\.m2\repository\junit\junit\3.8.1\junit-3.8.1.jar;C:\Documents and Settings\a\.m2\repository\hsqldb\hsqldb\1.8.0.10\hsqldb-1.8.0.10.jar;"/>
    <property name="java.vm.specification.version" value="1.0"/>
    <property name="sun.arch.data.model" value="32"/>
    <property name="java.home" value="C:\bin\jdk1.6.0_14\jre"/>
    <property name="java.specification.vendor" value="Sun Microsystems Inc."/>
    <property name="user.language" value="en"/>
    <property name="awt.toolkit" value="sun.awt.windows.WToolkit"/>
    <property name="java.vm.info" value="mixed mode"/>
    <property name="java.version" value="1.6.0_14"/>
    <property name="java.ext.dirs" value="C:\bin\jdk1.6.0_14\jre\lib\ext;C:\WINDOWS\Sun\Java\lib\ext"/>
    <property name="sun.boot.class.path" value="C:\bin\jdk1.6.0_14\jre\lib\resources.jar;C:\bin\jdk1.6.0_14\jre\lib\rt.jar;C:\bin\jdk1.6.0_14\jre\lib\sunrsasign.jar;C:\bin\jdk1.6.0_14\jre\lib\jsse.jar;C:\bin\jdk1.6.0_14\jre\lib\jce.jar;C:\bin\jdk1.6.0_14\jre\lib\charsets.jar;C:\bin\jdk1.6.0_14\jre\classes"/>
    <property name="java.vendor" value="Sun Microsystems Inc."/>
    <property name="localRepository" value="C:\Documents and Settings\a\.m2\repository"/>
    <property name="file.separator" value="\"/>
    <property name="java.vendor.url.bug" value="http://java.sun.com/cgi-bin/bugreport.cgi"/>
    <property name="sun.cpu.endian" value="little"/>
    <property name="sun.io.unicode.encoding" value="UnicodeLittle"/>
    <property name="sun.desktop" value="windows"/>
    <property name="sun.cpu.isalist" value=""/>
  </properties>
  <testcase time="0.015" classname="org.jdbcdslog.ConnectionPoolXADataSourceProxyTest" name="testConnectionPoolXADataSource"/>
  <testcase time="0" classname="org.jdbcdslog.ConnectionPoolXADataSourceProxyTest" name="testSetTartetDS"/>
</testsuite>